{"name": "test_methodTwo", "status": "broken", "statusDetails": {"message": "AttributeError: 'WebDriver' object has no attribute 'takeScreenshot'", "trace": "self = <test_android_native.Test object at 0x10669abf0>\n\n    @pytest.mark.AndroidNative\n    @pytest.mark.usefixtures(\"init_driver\")\n    def test_methodTwo(self):\n        log = cl.customLogger()\n        elementLocator = (AppiumBy.ID, \"com.spplus.parking.develop:id/text1\")\n        elementLocated = WebDriverWait(self.driver,15).until(EC.presence_of_element_located(elementLocator)).text\n        try:\n>           assert elementLocated == \"Easily book daily and monthly parking when you need it\", \"TEXTS ARE NOT EQUAL\"\nE           AssertionError: TEXTS ARE NOT EQUAL\nE           assert 'Easily book ... you need it.' == 'Easily book ...n you need it'\nE             - Easily book daily and monthly parking when you need it\nE             + Easily book daily and monthly parking when you need it.\nE             ?                                                       +\n\ntests/android/native/test_android_native.py:26: AssertionError\n\nDuring handling of the above exception, another exception occurred:\n\nself = <test_android_native.Test object at 0x10669abf0>\n\n    @pytest.mark.AndroidNative\n    @pytest.mark.usefixtures(\"init_driver\")\n    def test_methodTwo(self):\n        log = cl.customLogger()\n        elementLocator = (AppiumBy.ID, \"com.spplus.parking.develop:id/text1\")\n        elementLocated = WebDriverWait(self.driver,15).until(EC.presence_of_element_located(elementLocator)).text\n        try:\n            assert elementLocated == \"Easily book daily and monthly parking when you need it\", \"TEXTS ARE NOT EQUAL\"\n        except AssertionError as e:\n            log.error(\"Assertion error\")\n>           self.driver.takeScreenshot(\"output/screenshots/error.png\")\nE           AttributeError: 'WebDriver' object has no attribute 'takeScreenshot'\n\ntests/android/native/test_android_native.py:29: AttributeError"}, "attachments": [{"name": "log", "source": "605721f5-7c4d-41d5-afe5-d4673f043660-attachment.txt", "type": "text/plain"}, {"name": "stdout", "source": "5be49317-59c7-4b14-a05e-76917235089a-attachment.txt", "type": "text/plain"}], "start": 1658650778223, "stop": 1658650781224, "uuid": "72be5f94-12ec-4ee8-8100-0057a4392be4", "historyId": "8ee50f022aef2dce608fdc3af04216f5", "testCaseId": "4ea0f0d4b6e973f41fe90769a1e3e81b", "fullName": "tests.android.native.test_android_native.Test#test_methodTwo", "labels": [{"name": "tag", "value": "@pytest.mark.usefixtures('init_driver')"}, {"name": "tag", "value": "AndroidNative"}, {"name": "parentSuite", "value": "tests.android.native"}, {"name": "suite", "value": "test_android_native"}, {"name": "subSuite", "value": "Test"}, {"name": "host", "value": "MacBook-Pro-de-Juan.local"}, {"name": "thread", "value": "58453-MainThread"}, {"name": "framework", "value": "pytest"}, {"name": "language", "value": "cpython3"}, {"name": "package", "value": "tests.android.native.test_android_native"}]}