{"name": "test_methodTwo", "status": "failed", "statusDetails": {"message": "Failed: TEXTS ARE NOT EQUAL\nassert 'Easily book ... you need it.' == 'Easily book ...n you need it'\n  - Easily book daily and monthly parking when you need it\n  + Easily book daily and monthly parking when you need it.\n  ?                                                       +", "trace": "self = <test_android_native.Test object at 0x106cc5480>\n\n    @pytest.mark.AndroidNative\n    @pytest.mark.usefixtures(\"init_driver\")\n    def test_methodTwo(self):\n        log = cl.customLogger()\n        elementLocator = (AppiumBy.ID, \"com.spplus.parking.develop:id/text1\")\n        elementLocated = WebDriverWait(self.driver,15).until(EC.presence_of_element_located(elementLocator)).text\n        try:\n>           assert elementLocated == \"Easily book daily and monthly parking when you need it\", \"TEXTS ARE NOT EQUAL\"\nE           AssertionError: TEXTS ARE NOT EQUAL\nE           assert 'Easily book ... you need it.' == 'Easily book ...n you need it'\nE             - Easily book daily and monthly parking when you need it\nE             + Easily book daily and monthly parking when you need it.\nE             ?                                                       +\n\ntests/android/native/test_android_native.py:26: AssertionError\n\nDuring handling of the above exception, another exception occurred:\n\nself = <test_android_native.Test object at 0x106cc5480>\n\n    @pytest.mark.AndroidNative\n    @pytest.mark.usefixtures(\"init_driver\")\n    def test_methodTwo(self):\n        log = cl.customLogger()\n        elementLocator = (AppiumBy.ID, \"com.spplus.parking.develop:id/text1\")\n        elementLocated = WebDriverWait(self.driver,15).until(EC.presence_of_element_located(elementLocator)).text\n        try:\n            assert elementLocated == \"Easily book daily and monthly parking when you need it\", \"TEXTS ARE NOT EQUAL\"\n        except AssertionError as e:\n            self.driver.save_screenshot(\"/output/screenshots/error.png\")\n            log.error(\"Assertion error\")\n>           pytest.fail(str(e))\nE           Failed: TEXTS ARE NOT EQUAL\nE           assert 'Easily book ... you need it.' == 'Easily book ...n you need it'\nE             - Easily book daily and monthly parking when you need it\nE             + Easily book daily and monthly parking when you need it.\nE             ?                                                       +\n\ntests/android/native/test_android_native.py:30: Failed"}, "attachments": [{"name": "log", "source": "3006d53c-d7bc-4051-ba28-20e32bf6ada8-attachment.txt", "type": "text/plain"}, {"name": "stdout", "source": "2cefe897-793a-4199-90be-95f9eaa1760f-attachment.txt", "type": "text/plain"}], "start": 1658651159367, "stop": 1658651162560, "uuid": "d9cc823f-0159-4634-8022-c704fffc83b5", "historyId": "8ee50f022aef2dce608fdc3af04216f5", "testCaseId": "4ea0f0d4b6e973f41fe90769a1e3e81b", "fullName": "tests.android.native.test_android_native.Test#test_methodTwo", "labels": [{"name": "tag", "value": "@pytest.mark.usefixtures('init_driver')"}, {"name": "tag", "value": "AndroidNative"}, {"name": "parentSuite", "value": "tests.android.native"}, {"name": "suite", "value": "test_android_native"}, {"name": "subSuite", "value": "Test"}, {"name": "host", "value": "MacBook-Pro-de-Juan.local"}, {"name": "thread", "value": "59295-MainThread"}, {"name": "framework", "value": "pytest"}, {"name": "language", "value": "cpython3"}, {"name": "package", "value": "tests.android.native.test_android_native"}]}